# JRE version: OpenJDK Runtime Environment (11.0.10) (build 11.0.10+0-b96-7249189)
# Java VM: OpenJDK 64-Bit Server VM (11.0.10+0-b96-7249189, mixed mode, tiered, compressed oops, g1 gc, linux-amd64)
Heap:
 garbage-first heap   total 211968K, used 109281K [0x0000000080000000, 0x0000000100000000)
  region size 1024K, 14 young (14336K), 5 survivors (5120K)
 Metaspace       used 123817K, capacity 127061K, committed 127208K, reserved 1161216K
  class space    used 15272K, capacity 16461K, committed 16536K, reserved 1048576K
GC Heap History (20 events):
Event: 387.719 GC heap before
{Heap before GC invocations=57 (full 0):
 garbage-first heap   total 211968K, used 157684K [0x0000000080000000, 0x0000000100000000)
  region size 1024K, 60 young (61440K), 2 survivors (2048K)
 Metaspace       used 122580K, capacity 125733K, committed 125800K, reserved 1159168K
  class space    used 15239K, capacity 16402K, committed 16408K, reserved 1048576K
}
Event: 387.740 GC heap after
{Heap after GC invocations=58 (full 0):
 garbage-first heap   total 211968K, used 104659K [0x0000000080000000, 0x0000000100000000)
  region size 1024K, 6 young (6144K), 6 survivors (6144K)
 Metaspace       used 122580K, capacity 125733K, committed 125800K, reserved 1159168K
  class space    used 15239K, capacity 16402K, committed 16408K, reserved 1048576K
}
Event: 392.007 GC heap before
{Heap before GC invocations=59 (full 0):
 garbage-first heap   total 211968K, used 175315K [0x0000000080000000, 0x0000000100000000)
  region size 1024K, 65 young (66560K), 6 survivors (6144K)
 Metaspace       used 122766K, capacity 125825K, committed 126056K, reserved 1159168K
  class space    used 15241K, capacity 16404K, committed 16408K, reserved 1048576K
}
Event: 392.030 GC heap after
{Heap after GC invocations=60 (full 0):
 garbage-first heap   total 211968K, used 103215K [0x0000000080000000, 0x0000000100000000)
  region size 1024K, 4 young (4096K), 4 survivors (4096K)
 Metaspace       used 122766K, capacity 125825K, committed 126056K, reserved 1159168K
  class space    used 15241K, capacity 16404K, committed 16408K, reserved 1048576K
}
Event: 392.152 GC heap before
{Heap before GC invocations=60 (full 0):
 garbage-first heap   total 211968K, used 108335K [0x0000000080000000, 0x0000000100000000)
  region size 1024K, 10 young (10240K), 4 survivors (4096K)
 Metaspace       used 122823K, capacity 125892K, committed 126056K, reserved 1159168K
  class space    used 15241K, capacity 16404K, committed 16408K, reserved 1048576K
}
Event: 392.191 GC heap after
{Heap after GC invocations=61 (full 0):
 garbage-first heap   total 211968K, used 103329K [0x0000000080000000, 0x0000000100000000)
  region size 1024K, 2 young (2048K), 2 survivors (2048K)
 Metaspace       used 122823K, capacity 125892K, committed 126056K, reserved 1159168K
  class space    used 15241K, capacity 16404K, committed 16408K, reserved 1048576K
}
Event: 457.501 GC heap before
{Heap before GC invocations=61 (full 0):
 garbage-first heap   total 211968K, used 166817K [0x0000000080000000, 0x0000000100000000)
  region size 1024K, 64 young (65536K), 2 survivors (2048K)
 Metaspace       used 123299K, capacity 126448K, committed 126696K, reserved 1159168K
  class space    used 15269K, capacity 16455K, committed 16536K, reserved 1048576K
}
Event: 457.607 GC heap after
{Heap after GC invocations=62 (full 0):
 garbage-first heap   total 211968K, used 109713K [0x0000000080000000, 0x0000000100000000)
  region size 1024K, 8 young (8192K), 8 survivors (8192K)
 Metaspace       used 123299K, capacity 126448K, committed 126696K, reserved 1159168K
  class space    used 15269K, capacity 16455K, committed 16536K, reserved 1048576K
}
Event: 459.696 GC heap before
{Heap before GC invocations=63 (full 0):
 garbage-first heap   total 211968K, used 184465K [0x0000000080000000, 0x0000000100000000)
  region size 1024K, 67 young (68608K), 8 survivors (8192K)
 Metaspace       used 123397K, capacity 126528K, committed 126696K, reserved 1159168K
  class space    used 15270K, capacity 16458K, committed 16536K, reserved 1048576K
}
Event: 459.738 GC heap after
{Heap after GC invocations=64 (full 0):
 garbage-first heap   total 211968K, used 111462K [0x0000000080000000, 0x0000000100000000)
  region size 1024K, 5 young (5120K), 5 survivors (5120K)
 Metaspace       used 123397K, capacity 126528K, committed 126696K, reserved 1159168K
  class space    used 15270K, capacity 16458K, committed 16536K, reserved 1048576K
}
Event: 459.764 GC heap before
{Heap before GC invocations=64 (full 0):
 garbage-first heap   total 211968K, used 115558K [0x0000000080000000, 0x0000000100000000)
  region size 1024K, 10 young (10240K), 5 survivors (5120K)
 Metaspace       used 123397K, capacity 126528K, committed 126696K, reserved 1159168K
  class space    used 15270K, capacity 16458K, committed 16536K, reserved 1048576K
}
Event: 459.788 GC heap after
{Heap after GC invocations=65 (full 0):
 garbage-first heap   total 211968K, used 100158K [0x0000000080000000, 0x0000000100000000)
  region size 1024K, 2 young (2048K), 2 survivors (2048K)
 Metaspace       used 123397K, capacity 126528K, committed 126696K, reserved 1159168K
  class space    used 15270K, capacity 16458K, committed 16536K, reserved 1048576K
}
Event: 460.272 GC heap before
{Heap before GC invocations=65 (full 0):
 garbage-first heap   total 211968K, used 145214K [0x0000000080000000, 0x0000000100000000)
  region size 1024K, 48 young (49152K), 2 survivors (2048K)
 Metaspace       used 123425K, capacity 126536K, committed 126696K, reserved 1159168K
  class space    used 15271K, capacity 16459K, committed 16536K, reserved 1048576K
}
Event: 460.288 GC heap after
{Heap after GC invocations=66 (full 0):
 garbage-first heap   total 211968K, used 101182K [0x0000000080000000, 0x0000000100000000)
  region size 1024K, 3 young (3072K), 3 survivors (3072K)
 Metaspace       used 123425K, capacity 126536K, committed 126696K, reserved 1159168K
  class space    used 15271K, capacity 16459K, committed 16536K, reserved 1048576K
}
Event: 2557.359 GC heap before
{Heap before GC invocations=67 (full 0):
 garbage-first heap   total 211968K, used 171837K [0x0000000080000000, 0x0000000100000000)
  region size 1024K, 64 young (65536K), 3 survivors (3072K)
 Metaspace       used 123604K, capacity 126729K, committed 126952K, reserved 1159168K
  class space    used 15271K, capacity 16459K, committed 16536K, reserved 1048576K
}
Event: 2557.470 GC heap after
{Heap after GC invocations=68 (full 0):
 garbage-first heap   total 211968K, used 100419K [0x0000000080000000, 0x0000000100000000)
  region size 1024K, 3 young (3072K), 3 survivors (3072K)
 Metaspace       used 123604K, capacity 126729K, committed 126952K, reserved 1159168K
  class space    used 15271K, capacity 16459K, committed 16536K, reserved 1048576K
}
Event: 2558.009 GC heap before
{Heap before GC invocations=68 (full 0):
 garbage-first heap   total 211968K, used 107587K [0x0000000080000000, 0x0000000100000000)
  region size 1024K, 10 young (10240K), 3 survivors (3072K)
 Metaspace       used 123616K, capacity 126729K, committed 126952K, reserved 1159168K
  class space    used 15271K, capacity 16459K, committed 16536K, reserved 1048576K
}
Event: 2558.187 GC heap after
{Heap after GC invocations=69 (full 0):
 garbage-first heap   total 211968K, used 95785K [0x0000000080000000, 0x0000000100000000)
  region size 1024K, 1 young (1024K), 1 survivors (1024K)
 Metaspace       used 123616K, capacity 126729K, committed 126952K, reserved 1159168K
  class space    used 15271K, capacity 16459K, committed 16536K, reserved 1048576K
}
Event: 2563.617 GC heap before
{Heap before GC invocations=69 (full 0):
 garbage-first heap   total 211968K, used 128553K [0x0000000080000000, 0x0000000100000000)
  region size 1024K, 34 young (34816K), 1 survivors (1024K)
 Metaspace       used 123810K, capacity 127059K, committed 127208K, reserved 1161216K
  class space    used 15271K, capacity 16460K, committed 16536K, reserved 1048576K
}
Event: 2563.681 GC heap after
{Heap after GC invocations=70 (full 0):
 garbage-first heap   total 211968K, used 100065K [0x0000000080000000, 0x0000000100000000)
  region size 1024K, 5 young (5120K), 5 survivors (5120K)
 Metaspace       used 123810K, capacity 127059K, committed 127208K, reserved 1161216K
  class space    used 15271K, capacity 16460K, committed 16536K, reserved 1048576K
}

