# JRE version: OpenJDK Runtime Environment (11.0.10) (build 11.0.10+0-b96-7249189)
# Java VM: OpenJDK 64-Bit Server VM (11.0.10+0-b96-7249189, mixed mode, tiered, compressed oops, g1 gc, linux-amd64)
Heap:
 garbage-first heap   total 365568K, used 140305K [0x0000000080000000, 0x0000000100000000)
  region size 1024K, 13 young (13312K), 5 survivors (5120K)
 Metaspace       used 151276K, capacity 155858K, committed 156120K, reserved 1185792K
  class space    used 18233K, capacity 19892K, committed 19968K, reserved 1048576K
GC Heap History (20 events):
Event: 5906.192 GC heap before
{Heap before GC invocations=110 (full 0):
 garbage-first heap   total 365568K, used 142643K [0x0000000080000000, 0x0000000100000000)
  region size 1024K, 19 young (19456K), 3 survivors (3072K)
 Metaspace       used 149155K, capacity 153102K, committed 155608K, reserved 1185792K
  class space    used 18000K, capacity 19460K, committed 19968K, reserved 1048576K
}
Event: 5906.224 GC heap after
{Heap after GC invocations=111 (full 0):
 garbage-first heap   total 365568K, used 129735K [0x0000000080000000, 0x0000000100000000)
  region size 1024K, 4 young (4096K), 4 survivors (4096K)
 Metaspace       used 149155K, capacity 153102K, committed 155608K, reserved 1185792K
  class space    used 18000K, capacity 19460K, committed 19968K, reserved 1048576K
}
Event: 6334.456 GC heap before
{Heap before GC invocations=112 (full 0):
 garbage-first heap   total 365568K, used 267975K [0x0000000080000000, 0x0000000100000000)
  region size 1024K, 128 young (131072K), 4 survivors (4096K)
 Metaspace       used 150629K, capacity 155276K, committed 155608K, reserved 1185792K
  class space    used 18236K, capacity 19898K, committed 19968K, reserved 1048576K
}
Event: 6334.544 GC heap after
{Heap after GC invocations=113 (full 0):
 garbage-first heap   total 365568K, used 137370K [0x0000000080000000, 0x0000000100000000)
  region size 1024K, 9 young (9216K), 9 survivors (9216K)
 Metaspace       used 150629K, capacity 155276K, committed 155608K, reserved 1185792K
  class space    used 18236K, capacity 19898K, committed 19968K, reserved 1048576K
}
Event: 6335.648 GC heap before
{Heap before GC invocations=113 (full 0):
 garbage-first heap   total 365568K, used 147610K [0x0000000080000000, 0x0000000100000000)
  region size 1024K, 17 young (17408K), 9 survivors (9216K)
 Metaspace       used 150647K, capacity 155341K, committed 155608K, reserved 1185792K
  class space    used 18236K, capacity 19898K, committed 19968K, reserved 1048576K
}
Event: 6335.814 GC heap after
{Heap after GC invocations=114 (full 0):
 garbage-first heap   total 365568K, used 123895K [0x0000000080000000, 0x0000000100000000)
  region size 1024K, 3 young (3072K), 3 survivors (3072K)
 Metaspace       used 150647K, capacity 155341K, committed 155608K, reserved 1185792K
  class space    used 18236K, capacity 19898K, committed 19968K, reserved 1048576K
}
Event: 6341.477 GC heap before
{Heap before GC invocations=114 (full 0):
 garbage-first heap   total 365568K, used 181239K [0x0000000080000000, 0x0000000100000000)
  region size 1024K, 61 young (62464K), 3 survivors (3072K)
 Metaspace       used 150810K, capacity 155479K, committed 155608K, reserved 1185792K
  class space    used 18236K, capacity 19898K, committed 19968K, reserved 1048576K
}
Event: 6341.527 GC heap after
{Heap after GC invocations=115 (full 0):
 garbage-first heap   total 365568K, used 127702K [0x0000000080000000, 0x0000000100000000)
  region size 1024K, 7 young (7168K), 7 survivors (7168K)
 Metaspace       used 150810K, capacity 155479K, committed 155608K, reserved 1185792K
  class space    used 18236K, capacity 19898K, committed 19968K, reserved 1048576K
}
Event: 6518.801 GC heap before
{Heap before GC invocations=116 (full 0):
 garbage-first heap   total 365568K, used 290518K [0x0000000080000000, 0x0000000100000000)
  region size 1024K, 138 young (141312K), 7 survivors (7168K)
 Metaspace       used 150964K, capacity 155526K, committed 155864K, reserved 1185792K
  class space    used 18233K, capacity 19892K, committed 19968K, reserved 1048576K
}
Event: 6518.875 GC heap after
{Heap after GC invocations=117 (full 0):
 garbage-first heap   total 365568K, used 137525K [0x0000000080000000, 0x0000000100000000)
  region size 1024K, 15 young (15360K), 15 survivors (15360K)
 Metaspace       used 150964K, capacity 155526K, committed 155864K, reserved 1185792K
  class space    used 18233K, capacity 19892K, committed 19968K, reserved 1048576K
}
Event: 6518.880 GC heap before
{Heap before GC invocations=117 (full 0):
 garbage-first heap   total 365568K, used 139573K [0x0000000080000000, 0x0000000100000000)
  region size 1024K, 17 young (17408K), 15 survivors (15360K)
 Metaspace       used 150964K, capacity 155526K, committed 155864K, reserved 1185792K
  class space    used 18233K, capacity 19892K, committed 19968K, reserved 1048576K
}
Event: 6518.956 GC heap after
{Heap after GC invocations=118 (full 0):
 garbage-first heap   total 365568K, used 134641K [0x0000000080000000, 0x0000000100000000)
  region size 1024K, 3 young (3072K), 3 survivors (3072K)
 Metaspace       used 150964K, capacity 155526K, committed 155864K, reserved 1185792K
  class space    used 18233K, capacity 19892K, committed 19968K, reserved 1048576K
}
Event: 6521.727 GC heap before
{Heap before GC invocations=118 (full 0):
 garbage-first heap   total 365568K, used 187889K [0x0000000080000000, 0x0000000100000000)
  region size 1024K, 57 young (58368K), 3 survivors (3072K)
 Metaspace       used 151060K, capacity 155725K, committed 156120K, reserved 1185792K
  class space    used 18233K, capacity 19892K, committed 19968K, reserved 1048576K
}
Event: 6521.763 GC heap after
{Heap after GC invocations=119 (full 0):
 garbage-first heap   total 365568K, used 140805K [0x0000000080000000, 0x0000000100000000)
  region size 1024K, 9 young (9216K), 9 survivors (9216K)
 Metaspace       used 151060K, capacity 155725K, committed 156120K, reserved 1185792K
  class space    used 18233K, capacity 19892K, committed 19968K, reserved 1048576K
}
Event: 8345.752 GC heap before
{Heap before GC invocations=120 (full 0):
 garbage-first heap   total 365568K, used 295429K [0x0000000080000000, 0x0000000100000000)
  region size 1024K, 134 young (137216K), 9 survivors (9216K)
 Metaspace       used 151226K, capacity 155793K, committed 156120K, reserved 1185792K
  class space    used 18233K, capacity 19892K, committed 19968K, reserved 1048576K
}
Event: 8345.912 GC heap after
{Heap after GC invocations=121 (full 0):
 garbage-first heap   total 365568K, used 145167K [0x0000000080000000, 0x0000000100000000)
  region size 1024K, 13 young (13312K), 13 survivors (13312K)
 Metaspace       used 151226K, capacity 155793K, committed 156120K, reserved 1185792K
  class space    used 18233K, capacity 19892K, committed 19968K, reserved 1048576K
}
Event: 8354.549 GC heap before
{Heap before GC invocations=121 (full 0):
 garbage-first heap   total 365568K, used 148239K [0x0000000080000000, 0x0000000100000000)
  region size 1024K, 17 young (17408K), 13 survivors (13312K)
 Metaspace       used 151229K, capacity 155793K, committed 156120K, reserved 1185792K
  class space    used 18233K, capacity 19892K, committed 19968K, reserved 1048576K
}
Event: 8354.707 GC heap after
{Heap after GC invocations=122 (full 0):
 garbage-first heap   total 365568K, used 129233K [0x0000000080000000, 0x0000000100000000)
  region size 1024K, 3 young (3072K), 3 survivors (3072K)
 Metaspace       used 151229K, capacity 155793K, committed 156120K, reserved 1185792K
  class space    used 18233K, capacity 19892K, committed 19968K, reserved 1048576K
}
Event: 8356.420 GC heap before
{Heap before GC invocations=122 (full 0):
 garbage-first heap   total 365568K, used 187601K [0x0000000080000000, 0x0000000100000000)
  region size 1024K, 62 young (63488K), 3 survivors (3072K)
 Metaspace       used 151276K, capacity 155858K, committed 156120K, reserved 1185792K
  class space    used 18233K, capacity 19892K, committed 19968K, reserved 1048576K
}
Event: 8356.462 GC heap after
{Heap after GC invocations=123 (full 0):
 garbage-first heap   total 365568K, used 131089K [0x0000000080000000, 0x0000000100000000)
  region size 1024K, 5 young (5120K), 5 survivors (5120K)
 Metaspace       used 151276K, capacity 155858K, committed 156120K, reserved 1185792K
  class space    used 18233K, capacity 19892K, committed 19968K, reserved 1048576K
}

